2025-07-05 04:19:04 - Attempting to send email to: 20213654538salman@juniv.edu - Subject: Email Verification - Examination Application System
2025-07-05 04:27:36 - Attempting to send email to: 20213654538salman@juniv.edu - Subject: Email Verification - Examination Application System
2025-07-05 04:38:19 - Attempting to send email to: 20213654538salman@juniv.edu - Subject: Email Verification - Examination Application System
2025-07-05 09:18:57 - Attempting to send email to: 20213654538salman@juniv.edu - Subject: Email Verification - Examination Application System
2025-07-05 09:57:40 - Attempting to send email to: 20213654538salman@juniv.edu - Subject: Application Status Update - Examination Application System
2025-07-05 09:59:17 - Attempting to send email to: 20213654538salman@juniv.edu - Subject: Application Status Update - Examination Application System
2025-07-05 10:06:05 - Attempting to send email to: 20213654538salman@juniv.edu - Subject: Application Status Update - Examination Application System
2025-07-05 10:06:50 - Attempting to send email to: 20213654538salman@juniv.edu - Subject: Application Status Update - Examination Application System
2025-07-05 10:15:06 - Attempting to send email to: 20213654538salman@juniv.edu - Subject: Application Status Update - Examination Application System
2025-07-05 10:16:02 - Attempting to send email to: 20213654538salman@juniv.edu - Subject: Application Status Update - Examination Application System
2025-07-05 10:16:35 - Attempting to send email to: 20213654538salman@juniv.edu - Subject: Application Status Update - Examination Application System
2025-07-05 10:18:16 - Attempting to send email to: 20213654538salman@juniv.edu - Subject: Application Status Update - Examination Application System
2025-07-05 10:45:18 - Attempting to send email to: 20213654538salman@juniv.edu - Subject: Email Verification - Examination Application System
2025-07-05 11:16:01 - Attempting to send email to: 20213654538salman@juniv.edu - Subject: Email Verification - Examination Application System
2025-07-05 11:23:46 - Attempting to send email to: 20213654538salman@juniv.edu - Subject: Email Verification - Examination Application System
2025-07-05 11:30:59 - Attempting to send email to: 20213654538salman@juniv.edu - Subject: Email Verification - Examination Application System
2025-07-05 11:42:40 - Attempting to send email to: 20213654538salman@juniv.edu - Subject: Email Verification - Examination Application System
2025-07-05 11:47:23 - Attempting to send email to: 20213654538salman@juniv.edu - Subject: Email Verification - Examination Application System
2025-07-05 11:51:03 - Attempting to send email to: 20213654538salman@juniv.edu - Subject: Email Verification - Examination Application System
2025-07-05 11:58:53 - Attempting to send email to: 20213654538salman@juniv.edu - Subject: Email Verification - Examination Application System
2025-07-05 12:01:37 - Attempting to send email to: 20213654538salman@juniv.edu - Subject: Email Verification - Examination Application System
2025-07-05 12:09:59 - Attempting to send email to: 20213654538salman@juniv.edu - Subject: Email Verification - Examination Application System
2025-07-05 12:11:52 - Attempting to send email to: 20213654538salman@juniv.edu - Subject: Email Verification - Examination Application System
2025-07-05 12:34:25 - Attempting to send email to: 20213654538salman@juniv.edu - Subject: Email Verification - Examination Application System
2025-07-05 12:36:32 - Attempting to send email to: 20213654538salman@juniv.edu - Subject: Email Verification - Examination Application System
2025-07-05 12:36:54 - Attempting to send email to: 20213654538salman@juniv.edu - Subject: Email Verification - Examination Application System
2025-07-05 13:02:49 - Attempting to send email to: 20213654538salman@juniv.edu - Subject: Email Verification - Examination Application System
2025-07-05 13:05:17 - Attempting to send email to: 20213654538salman@juniv.edu - Subject: Email Verification - Examination Application System
2025-07-05 13:27:41 - Attempting to send email to: 20213654538salman@juniv.edu - Subject: Application Status Update - Examination Application System
2025-07-05 13:28:45 - Attempting to send email to: 20213654538salman@juniv.edu - Subject: Application Status Update - Examination Application System
2025-07-05 13:32:18 - Attempting to send email to: 20213654538salman@juniv.edu - Subject: Application Status Update - Examination Application System
2025-07-05 13:33:51 - Attempting to send email to: 20213654538salman@juniv.edu - Subject: Application Status Update - Examination Application System
2025-07-05 13:34:53 - Attempting to send email to: 20213654538salman@juniv.edu - Subject: Application Status Update - Examination Application System
2025-07-05 13:35:32 - Attempting to send email to: 20213654538salman@juniv.edu - Subject: Application Status Update - Examination Application System
2025-07-05 13:36:09 - Attempting to send email to: 20213654538salman@juniv.edu - Subject: Application Status Update - Examination Application System
2025-07-05 13:49:30 - Attempting to send email to: 20213654538salman@juniv.edu - Subject: Application Status Update - Examination Application System
2025-07-05 13:50:22 - Attempting to send email to: 20213654538salman@juniv.edu - Subject: Application Status Update - Examination Application System
2025-07-05 13:53:41 - Attempting to send email to: 20213654538salman@juniv.edu - Subject: Application Status Update - Examination Application System
2025-07-05 13:54:15 - Attempting to send email to: 20213654538salman@juniv.edu - Subject: Application Status Update - Examination Application System
2025-07-05 13:58:00 - Attempting to send email to: 20213654538salman@juniv.edu - Subject: Application Status Update - Examination Application System
2025-07-05 15:04:05 - Attempting to send email to: 20213654538salman@juniv.edu - Subject: Application Status Update - Examination Application System
2025-07-05 15:04:56 - Attempting to send email to: 20213654538salman@juniv.edu - Subject: Application Status Update - Examination Application System
2025-07-05 15:05:41 - Attempting to send email to: 20213654538salman@juniv.edu - Subject: Application Status Update - Examination Application System
2025-07-05 15:18:36 - Attempting to send email to: 20213654538salman@juniv.edu - Subject: Application Status Update - Examination Application System
2025-07-05 15:20:32 - Attempting to send email to: 20213654538salman@juniv.edu - Subject: Application Status Update - Examination Application System
2025-07-05 16:09:44 - Attempting to send email to: 20213654538salman@juniv.edu - Subject: Application Status Update - Examination Application System
2025-07-05 16:57:27 - Attempting to send email to: 20213654538salman@juniv.edu - Subject: Application Status Update - Examination Application System
2025-07-05 16:58:49 - Attempting to send email to: 20213654538salman@juniv.edu - Subject: Application Status Update - Examination Application System
2025-07-05 17:00:07 - Attempting to send email to: 20213654538salman@juniv.edu - Subject: Application Status Update - Examination Application System
2025-07-05 17:01:23 - Attempting to send email to: 20213654538salman@juniv.edu - Subject: Application Status Update - Examination Application System
2025-07-06 06:19:26 - Attempting to send email to: 20213654538salman@juniv.edu - Subject: Application Status Update - Examination Application System
2025-07-06 06:22:24 - Attempting to send email to: 20213654538salman@juniv.edu - Subject: Application Status Update - Examination Application System
2025-07-06 06:24:01 - Attempting to send email to: 20213654538salman@juniv.edu - Subject: Application Status Update - Examination Application System
2025-07-06 22:46:03 - Attempting to send email to: 20213654538salman@juniv.edu - Subject: Application Status Update - Examination Application System
2025-07-07 01:04:50 - Attempting to send email to: 20213654538salman@juniv.edu - Subject: Application Status Update - Examination Application System
2025-07-07 01:40:23 - Attempting to send email to: 20213654538salman@juniv.edu - Subject: Application Status Update - Examination Application System
2025-07-07 06:47:15 - Attempting to send email to: 20213654566abdullah@juniv.edu - Subject: Email Verification - Examination Application System
2025-07-07 06:49:16 - Attempting to send email to: 20213654566abdullah@juniv.edu - Subject: Application Status Update - Examination Application System
2025-07-07 06:54:25 - Attempting to send email to: 20213654566abdullah@juniv.edu - Subject: Application Status Update - Examination Application System
2025-07-07 06:55:55 - Attempting to send email to: 20213654566abdullah@juniv.edu - Subject: Application Status Update - Examination Application System
2025-07-07 06:56:58 - Attempting to send email to: 20213654566abdullah@juniv.edu - Subject: Application Status Update - Examination Application System
2025-07-07 08:05:09 - Attempting to send email to: 20213654823somaya@juniv.edu - Subject: Email Verification - Examination Application System
2025-07-07 08:11:01 - Attempting to send email to: 20213654523somaya@juniv.edu - Subject: Email Verification - Examination Application System
2025-07-07 08:16:41 - Attempting to send email to: 20213654523somaya@juniv.edu - Subject: Application Status Update - Examination Application System
2025-07-07 08:38:51 - Attempting to send email to: 20213654523somaya@juniv.edu - Subject: Application Status Update - Examination Application System
2025-07-07 08:40:06 - Attempting to send email to: 20213654523somaya@juniv.edu - Subject: Application Status Update - Examination Application System
2025-07-07 08:40:48 - Attempting to send email to: 20213654523somaya@juniv.edu - Subject: Application Status Update - Examination Application System
2025-07-07 10:50:39 - Attempting to send email to: 20213654538salman@juniv.edu - Subject: Application Status Update - Examination Application System
2025-07-07 10:54:24 - Attempting to send email to: 20213654523somaya@juniv.edu - Subject: Application Status Update - Examination Application System
2025-07-07 10:56:00 - Attempting to send email to: 20213654523somaya@juniv.edu - Subject: Application Status Update - Examination Application System
2025-07-07 16:44:20 - Attempting to send email to: test1@juniv.edu - Subject: Email Verification - Examination Application System
2025-07-07 16:45:26 - Attempting to send email to: test1@juniv.edu - Subject: Application Status Update - Examination Application System
2025-07-07 19:40:27 - Attempting to send email to: 20213654538salman@juniv.edu - Subject: Application Status Update - Examination Application System
2025-07-07 19:57:50 - Attempting to send email to: test2@juniv.edu - Subject: Email Verification - Examination Application System
2025-07-08 22:59:56 - Attempting to send email to: sallu@juniv.edu - Subject: Email Verification - Examination Application System
2025-07-08 23:03:45 - Attempting to send email to: sallu@juniv.edu - Subject: Application Status Update - Examination Application System
2025-07-08 23:07:05 - Attempting to send email to: sallu@juniv.edu - Subject: Application Status Update - Examination Application System
